  main.cpp
C:\Users\Adrian\source\repos\AdventOfCode2022\AdventOfCode2022\adventofcode2022_04.h(11,30): warning C4267: 'initializing': conversion from 'size_t' to 'int', possible loss of data
C:\Users\Adrian\source\repos\AdventOfCode2022\AdventOfCode2022\adventofcode2022_04.h(15,26): warning C4267: '=': conversion from 'size_t' to 'int', possible loss of data
C:\Users\Adrian\source\repos\AdventOfCode2022\AdventOfCode2022\adventofcode2022_04.h(19,27): warning C4267: '=': conversion from 'size_t' to 'int', possible loss of data
C:\Users\Adrian\source\repos\AdventOfCode2022\AdventOfCode2022\adventofcode2022_05.h(23,54): warning C4267: '=': conversion from 'size_t' to 'int', possible loss of data
C:\Users\Adrian\source\repos\AdventOfCode2022\AdventOfCode2022\adventofcode2022_05.h(30,2): warning C4267: 'initializing': conversion from 'size_t' to 'int', possible loss of data
C:\Users\Adrian\source\repos\AdventOfCode2022\AdventOfCode2022\adventofcode2022_05.h(31,16): warning C4834: discarding return value of function with 'nodiscard' attribute
C:\Users\Adrian\source\repos\AdventOfCode2022\AdventOfCode2022\adventofcode2022_07.h(53,58): warning C4129: '/': unrecognized character escape sequence
C:\Users\Adrian\source\repos\AdventOfCode2022\AdventOfCode2022\adventofcode2022_07.h(67,23): warning C4129: '/': unrecognized character escape sequence
C:\Users\Adrian\source\repos\AdventOfCode2022\AdventOfCode2022\adventofcode2022_08.h(21,31): warning C4267: 'initializing': conversion from 'size_t' to 'int', possible loss of data
C:\Users\Adrian\source\repos\AdventOfCode2022\AdventOfCode2022\adventofcode2022_08.h(32,48): warning C4267: 'initializing': conversion from 'size_t' to 'int', possible loss of data
C:\Users\Adrian\source\repos\AdventOfCode2022\AdventOfCode2022\adventofcode2022_08.h(64,3): warning C4267: 'initializing': conversion from 'size_t' to 'int', possible loss of data
C:\Users\Adrian\source\repos\AdventOfCode2022\AdventOfCode2022\adventofcode2022_11.h(38,15): warning C4244: 'initializing': conversion from '_Ty' to 'int', possible loss of data
          with
          [
              _Ty=__int64
          ]
C:\Users\Adrian\source\repos\AdventOfCode2022\AdventOfCode2022\adventofcode2022_02.h(26): warning C4715: 'adv2022_02::Points': not all control paths return a value
C:\Users\Adrian\source\repos\AdventOfCode2022\AdventOfCode2022\adventofcode2022_02.h(43): warning C4715: 'adv2022_02::Points2': not all control paths return a value
C:\Users\Adrian\source\repos\AdventOfCode2022\AdventOfCode2022\adventofcode2022_06.h(28): warning C4715: 'adv2022_06::solve06': not all control paths return a value
  AdventOfCode2022.vcxproj -> C:\Users\Adrian\source\repos\AdventOfCode2022\x64\Debug\AdventOfCode2022.exe
